app/manifest-merger-release-report.txt
-- Merging decision tree log ---
manifest
ADDED from AndroidManifest.xml:2:1
	package
		ADDED from AndroidManifest.xml:4:5
		INJECTED from AndroidManifest.xml:0:0
		INJECTED from AndroidManifest.xml:0:0
	android:versionName
		ADDED from AndroidManifest.xml:6:5
	xmlns:tools
		ADDED from AndroidManifest.xml:3:5
	android:versionCode
		ADDED from AndroidManifest.xml:5:5
		INJECTED from AndroidManifest.xml:0:0
		INJECTED from AndroidManifest.xml:0:0
	xmlns:android
		ADDED from AndroidManifest.xml:2:11
uses-sdk
ADDED from AndroidManifest.xml:8:5
MERGED from com.android.support:support-v4:21.0.3:15:5
MERGED from com.android.support:appcompat-v7:21.0.3:15:5
MERGED from com.android.support:support-v4:21.0.3:15:5
MERGED from com.android.support:recyclerview-v7:21.0.3:15:5
MERGED from com.android.support:support-v4:21.0.3:15:5
MERGED from de.hdodenhof:circleimageview:1.2.1:5:5
MERGED from com.github.satyan:sugar:1.3:7:5
	android:targetSdkVersion
		ADDED from AndroidManifest.xml:10:9
		INJECTED from AndroidManifest.xml:0:0
		INJECTED from AndroidManifest.xml:0:0
	android:minSdkVersion
		ADDED from AndroidManifest.xml:9:9
		INJECTED from AndroidManifest.xml:0:0
		INJECTED from AndroidManifest.xml:0:0
uses-permission#android.permission.VIBRATE
ADDED from AndroidManifest.xml:11:5
	android:name
		ADDED from AndroidManifest.xml:11:22
uses-permission#android.permission.ACCESS_NETWORK_STATE
ADDED from AndroidManifest.xml:12:5
	android:name
		ADDED from AndroidManifest.xml:12:22
uses-permission#android.permission.INTERNET
ADDED from AndroidManifest.xml:13:5
	android:name
		ADDED from AndroidManifest.xml:13:22
uses-permission#android.permission.WRITE_EXTERNAL_STORAGE
ADDED from AndroidManifest.xml:14:5
	android:name
		ADDED from AndroidManifest.xml:14:22
uses-permission#android.permission.READ_PHONE_STATE
ADDED from AndroidManifest.xml:15:5
	android:name
		ADDED from AndroidManifest.xml:15:22
uses-permission#android.permission.WRITE_CALENDAR
ADDED from AndroidManifest.xml:16:5
	android:name
		ADDED from AndroidManifest.xml:16:22
uses-permission#android.permission.READ_CALENDAR
ADDED from AndroidManifest.xml:17:5
	android:name
		ADDED from AndroidManifest.xml:17:22
uses-permission#android.permission.RECEIVE_BOOT_COMPLETED
ADDED from AndroidManifest.xml:18:5
	android:name
		ADDED from AndroidManifest.xml:18:22
uses-permission#android.permission.BATTERY_STATS
ADDED from AndroidManifest.xml:19:4
	android:name
		ADDED from AndroidManifest.xml:19:21
application
ADDED from AndroidManifest.xml:21:5
MERGED from com.android.support:support-v4:21.0.3:16:5
MERGED from com.android.support:appcompat-v7:21.0.3:16:5
MERGED from com.android.support:support-v4:21.0.3:16:5
MERGED from com.android.support:recyclerview-v7:21.0.3:17:5
MERGED from com.android.support:support-v4:21.0.3:16:5
MERGED from de.hdodenhof:circleimageview:1.2.1:9:5
MERGED from com.github.satyan:sugar:1.3:11:5
	android:label
		ADDED from AndroidManifest.xml:26:9
		REJECTED from com.github.satyan:sugar:1.3:14:9
	android:allowBackup
		ADDED from AndroidManifest.xml:23:9
	android:icon
		ADDED from AndroidManifest.xml:24:9
		REJECTED from com.github.satyan:sugar:1.3:13:9
	android:theme
		ADDED from AndroidManifest.xml:27:9
	tools:replace
		ADDED from AndroidManifest.xml:25:9
	android:name
		ADDED from AndroidManifest.xml:22:9
activity#ourvlemoodle.activities.SignInActivity
ADDED from AndroidManifest.xml:28:9
	android:label
		ADDED from AndroidManifest.xml:31:13
	android:configChanges
		ADDED from AndroidManifest.xml:30:13
	android:name
		ADDED from AndroidManifest.xml:29:13
activity#ourvlemoodle.activities.MainActivity
ADDED from AndroidManifest.xml:33:9
	android:configChanges
		ADDED from AndroidManifest.xml:35:13
	android:name
		ADDED from AndroidManifest.xml:34:13
activity#ourvlemoodle.activities.BrowserActivity
ADDED from AndroidManifest.xml:37:9
	android:configChanges
		ADDED from AndroidManifest.xml:39:13
	android:name
		ADDED from AndroidManifest.xml:38:13
activity#ourvlemoodle.activities.CourseViewActivity
ADDED from AndroidManifest.xml:40:9
	android:launchMode
		ADDED from AndroidManifest.xml:43:13
	android:configChanges
		ADDED from AndroidManifest.xml:42:13
	android:name
		ADDED from AndroidManifest.xml:41:13
meta-data#android.app.searchable
ADDED from AndroidManifest.xml:44:13
	android:resource
		ADDED from AndroidManifest.xml:46:17
	android:name
		ADDED from AndroidManifest.xml:45:17
activity#ourvlemoodle.activities.DiscussionActivity
ADDED from AndroidManifest.xml:48:9
	android:configChanges
		ADDED from AndroidManifest.xml:50:13
	android:name
		ADDED from AndroidManifest.xml:49:13
activity#ourvlemoodle.activities.PostActivity
ADDED from AndroidManifest.xml:51:9
	android:configChanges
		ADDED from AndroidManifest.xml:53:13
	android:name
		ADDED from AndroidManifest.xml:52:13
activity#ourvlemoodle.activities.SplashSignIn
ADDED from AndroidManifest.xml:54:9
	android:configChanges
		ADDED from AndroidManifest.xml:56:13
	android:name
		ADDED from AndroidManifest.xml:55:13
meta-data#DATABASE
ADDED from AndroidManifest.xml:58:9
	android:value
		ADDED from AndroidManifest.xml:60:13
	android:name
		ADDED from AndroidManifest.xml:59:13
meta-data#VERSION
ADDED from AndroidManifest.xml:61:9
	android:value
		ADDED from AndroidManifest.xml:63:13
	android:name
		ADDED from AndroidManifest.xml:62:13
meta-data#QUERY_LOG
ADDED from AndroidManifest.xml:64:9
	android:value
		ADDED from AndroidManifest.xml:66:13
	android:name
		ADDED from AndroidManifest.xml:65:13
meta-data#DOMAIN_PACKAGE_NAME
ADDED from AndroidManifest.xml:67:9
	android:value
		ADDED from AndroidManifest.xml:69:13
	android:name
		ADDED from AndroidManifest.xml:68:13
activity#ourvlemoodle.view.TestActivity
ADDED from AndroidManifest.xml:71:9
	android:label
		ADDED from AndroidManifest.xml:73:13
	android:name
		ADDED from AndroidManifest.xml:72:13
activity#ourvlemoodle.view.SettingsActivity
ADDED from AndroidManifest.xml:75:9
	android:label
		ADDED from AndroidManifest.xml:77:13
	android:name
		ADDED from AndroidManifest.xml:76:13
activity#ourvlemoodle.activities.ProfileActivity
ADDED from AndroidManifest.xml:79:9
	android:label
		ADDED from AndroidManifest.xml:81:13
	android:name
		ADDED from AndroidManifest.xml:80:13
activity#ourvlemoodle.activities.SplashActivity
ADDED from AndroidManifest.xml:83:9
	android:label
		ADDED from AndroidManifest.xml:85:13
	android:name
		ADDED from AndroidManifest.xml:84:13
intent-filter#android.intent.action.MAIN+android.intent.category.LAUNCHER
ADDED from AndroidManifest.xml:86:13
action#android.intent.action.MAIN
ADDED from AndroidManifest.xml:87:17
	android:name
		ADDED from AndroidManifest.xml:87:25
category#android.intent.category.LAUNCHER
ADDED from AndroidManifest.xml:89:17
	android:name
		ADDED from AndroidManifest.xml:89:27
activity#ourvlemoodle.activities.AllEventsActivity
ADDED from AndroidManifest.xml:92:9
	android:label
		ADDED from AndroidManifest.xml:94:13
	android:name
		ADDED from AndroidManifest.xml:93:13
activity#ourvlemoodle.activities.LatestNewsActivity
ADDED from AndroidManifest.xml:96:9
	android:label
		ADDED from AndroidManifest.xml:98:13
	android:name
		ADDED from AndroidManifest.xml:97:13
service#ourvlemoodle.Services.UpdateService
ADDED from AndroidManifest.xml:101:9
	android:enabled
		ADDED from AndroidManifest.xml:103:13
	android:exported
		ADDED from AndroidManifest.xml:104:13
	android:name
		ADDED from AndroidManifest.xml:102:13
receiver#ourvlemoodle.Recievers.UpdateReciever
ADDED from AndroidManifest.xml:107:8
	android:name
		ADDED from AndroidManifest.xml:107:18
intent-filter#android.intent.action.BATTERY_LOW+android.intent.action.BATTERY_OKAY+android.intent.action.BOOT_COMPLETED+android.intent.action.QUICKBOOT_POWERON
ADDED from AndroidManifest.xml:108:13
action#android.intent.action.BOOT_COMPLETED
ADDED from AndroidManifest.xml:109:17
	android:name
		ADDED from AndroidManifest.xml:109:25
action#android.intent.action.QUICKBOOT_POWERON
ADDED from AndroidManifest.xml:110:17
	android:name
		ADDED from AndroidManifest.xml:110:25
action#android.intent.action.BATTERY_LOW
ADDED from AndroidManifest.xml:111:17
	android:name
		ADDED from AndroidManifest.xml:111:25
action#android.intent.action.BATTERY_OKAY
ADDED from AndroidManifest.xml:112:17
	android:name
		ADDED from AndroidManifest.xml:112:25
activity#ourvlemoodle.activities.ResultActivity
ADDED from AndroidManifest.xml:116:9
	android:label
		ADDED from AndroidManifest.xml:118:13
	android:name
		ADDED from AndroidManifest.xml:117:13
activity#android.support.v7.widget.TestActivity
ADDED from com.android.support:recyclerview-v7:21.0.3:18:9
	android:label
		ADDED from com.android.support:recyclerview-v7:21.0.3:18:19
	android:name
		ADDED from com.android.support:recyclerview-v7:21.0.3:18:60